# JRE version: OpenJDK Runtime Environment (7.0_75-b13) (build 1.7.0_75-b13)
# Java VM: OpenJDK 64-Bit Server VM (24.75-b04 mixed mode linux-amd64 compressed oops)
Heap
 PSYoungGen      total 134144K, used 16436K [0x00000007d6c00000, 0x00000007ec900000, 0x0000000800000000)
  eden space 129024K, 12% used [0x00000007d6c00000,0x00000007d7c0d018,0x00000007dea00000)
  from space 5120K, 0% used [0x00000007dea00000,0x00000007dea00000,0x00000007def00000)
  to   space 72704K, 0% used [0x00000007e8200000,0x00000007e8200000,0x00000007ec900000)
 ParOldGen       total 240640K, used 115076K [0x0000000784400000, 0x0000000792f00000, 0x00000007d6c00000)
  object space 240640K, 47% used [0x0000000784400000,0x000000078b461388,0x0000000792f00000)
 PSPermGen       total 24576K, used 11595K [0x0000000779e00000, 0x000000077b600000, 0x0000000784400000)
  object space 24576K, 47% used [0x0000000779e00000,0x000000077a952e28,0x000000077b600000)
GC Heap History (10 events):
Event: 1,686 GC heap before
{Heap before GC invocations=3 (full 0):
 PSYoungGen      total 69632K, used 66238K [0x00000007d6c00000, 0x00000007db500000, 0x0000000800000000)
  eden space 64512K, 95% used [0x00000007d6c00000,0x00000007da7e99e8,0x00000007dab00000)
  from space 5120K, 95% used [0x00000007db000000,0x00000007db4c6200,0x00000007db500000)
  to   space 5120K, 0% used [0x00000007dab00000,0x00000007dab00000,0x00000007db000000)
 ParOldGen       total 84480K, used 7559K [0x0000000784400000, 0x0000000789680000, 0x00000007d6c00000)
  object space 84480K, 8% used [0x0000000784400000,0x0000000784b61c30,0x0000000789680000)
 PSPermGen       total 21504K, used 10737K [0x0000000779e00000, 0x000000077b300000, 0x0000000784400000)
  object space 21504K, 49% used [0x0000000779e00000,0x000000077a87c798,0x000000077b300000)
Event: 1,733 GC heap after
Heap after GC invocations=3 (full 0):
 PSYoungGen      total 69632K, used 5112K [0x00000007d6c00000, 0x00000007df400000, 0x0000000800000000)
  eden space 64512K, 0% used [0x00000007d6c00000,0x00000007d6c00000,0x00000007dab00000)
  from space 5120K, 99% used [0x00000007dab00000,0x00000007daffe308,0x00000007db000000)
  to   space 5120K, 0% used [0x00000007def00000,0x00000007def00000,0x00000007df400000)
 ParOldGen       total 84480K, used 39203K [0x0000000784400000, 0x0000000789680000, 0x00000007d6c00000)
  object space 84480K, 46% used [0x0000000784400000,0x0000000786a48dd8,0x0000000789680000)
 PSPermGen       total 21504K, used 10737K [0x0000000779e00000, 0x000000077b300000, 0x0000000784400000)
  object space 21504K, 49% used [0x0000000779e00000,0x000000077a87c798,0x000000077b300000)
}
Event: 2,232 GC heap before
{Heap before GC invocations=4 (full 0):
 PSYoungGen      total 69632K, used 69624K [0x00000007d6c00000, 0x00000007df400000, 0x0000000800000000)
  eden space 64512K, 100% used [0x00000007d6c00000,0x00000007dab00000,0x00000007dab00000)
  from space 5120K, 99% used [0x00000007dab00000,0x00000007daffe308,0x00000007db000000)
  to   space 5120K, 0% used [0x00000007def00000,0x00000007def00000,0x00000007df400000)
 ParOldGen       total 84480K, used 39203K [0x0000000784400000, 0x0000000789680000, 0x00000007d6c00000)
  object space 84480K, 46% used [0x0000000784400000,0x0000000786a48dd8,0x0000000789680000)
 PSPermGen       total 21504K, used 10739K [0x0000000779e00000, 0x000000077b300000, 0x0000000784400000)
  object space 21504K, 49% used [0x0000000779e00000,0x000000077a87cf78,0x000000077b300000)
Event: 2,279 GC heap after
Heap after GC invocations=4 (full 0):
 PSYoungGen      total 134144K, used 5112K [0x00000007d6c00000, 0x00000007df400000, 0x0000000800000000)
  eden space 129024K, 0% used [0x00000007d6c00000,0x00000007d6c00000,0x00000007dea00000)
  from space 5120K, 99% used [0x00000007def00000,0x00000007df3fe328,0x00000007df400000)
  to   space 5120K, 0% used [0x00000007dea00000,0x00000007dea00000,0x00000007def00000)
 ParOldGen       total 84480K, used 70557K [0x0000000784400000, 0x0000000789680000, 0x00000007d6c00000)
  object space 84480K, 83% used [0x0000000784400000,0x00000007888e77d0,0x0000000789680000)
 PSPermGen       total 21504K, used 10739K [0x0000000779e00000, 0x000000077b300000, 0x0000000784400000)
  object space 21504K, 49% used [0x0000000779e00000,0x000000077a87cf78,0x000000077b300000)
}
Event: 2,279 GC heap before
{Heap before GC invocations=5 (full 1):
 PSYoungGen      total 134144K, used 5112K [0x00000007d6c00000, 0x00000007df400000, 0x0000000800000000)
  eden space 129024K, 0% used [0x00000007d6c00000,0x00000007d6c00000,0x00000007dea00000)
  from space 5120K, 99% used [0x00000007def00000,0x00000007df3fe328,0x00000007df400000)
  to   space 5120K, 0% used [0x00000007dea00000,0x00000007dea00000,0x00000007def00000)
 ParOldGen       total 84480K, used 70557K [0x0000000784400000, 0x0000000789680000, 0x00000007d6c00000)
  object space 84480K, 83% used [0x0000000784400000,0x00000007888e77d0,0x0000000789680000)
 PSPermGen       total 21504K, used 10739K [0x0000000779e00000, 0x000000077b300000, 0x0000000784400000)
  object space 21504K, 49% used [0x0000000779e00000,0x000000077a87cf78,0x000000077b300000)
Event: 2,360 GC heap after
Heap after GC invocations=5 (full 1):
 PSYoungGen      total 134144K, used 0K [0x00000007d6c00000, 0x00000007df400000, 0x0000000800000000)
  eden space 129024K, 0% used [0x00000007d6c00000,0x00000007d6c00000,0x00000007dea00000)
  from space 5120K, 0% used [0x00000007def00000,0x00000007def00000,0x00000007df400000)
  to   space 5120K, 0% used [0x00000007dea00000,0x00000007dea00000,0x00000007def00000)
 ParOldGen       total 148992K, used 60243K [0x0000000784400000, 0x000000078d580000, 0x00000007d6c00000)
  object space 148992K, 40% used [0x0000000784400000,0x0000000787ed4c38,0x000000078d580000)
 PSPermGen       total 21504K, used 10737K [0x0000000779e00000, 0x000000077b300000, 0x0000000784400000)
  object space 21504K, 49% used [0x0000000779e00000,0x000000077a87c4a0,0x000000077b300000)
}
Event: 3,298 GC heap before
{Heap before GC invocations=6 (full 1):
 PSYoungGen      total 134144K, used 129024K [0x00000007d6c00000, 0x00000007df400000, 0x0000000800000000)
  eden space 129024K, 100% used [0x00000007d6c00000,0x00000007dea00000,0x00000007dea00000)
  from space 5120K, 0% used [0x00000007def00000,0x00000007def00000,0x00000007df400000)
  to   space 5120K, 0% used [0x00000007dea00000,0x00000007dea00000,0x00000007def00000)
 ParOldGen       total 148992K, used 60243K [0x0000000784400000, 0x000000078d580000, 0x00000007d6c00000)
  object space 148992K, 40% used [0x0000000784400000,0x0000000787ed4c38,0x000000078d580000)
 PSPermGen       total 21504K, used 10752K [0x0000000779e00000, 0x000000077b300000, 0x0000000784400000)
  object space 21504K, 50% used [0x0000000779e00000,0x000000077a8803e8,0x000000077b300000)
Event: 3,368 GC heap after
Heap after GC invocations=6 (full 1):
 PSYoungGen      total 134144K, used 5118K [0x00000007d6c00000, 0x00000007ec900000, 0x0000000800000000)
  eden space 129024K, 0% used [0x00000007d6c00000,0x00000007d6c00000,0x00000007dea00000)
  from space 5120K, 99% used [0x00000007dea00000,0x00000007deeffa80,0x00000007def00000)
  to   space 72704K, 0% used [0x00000007e8200000,0x00000007e8200000,0x00000007ec900000)
 ParOldGen       total 148992K, used 117775K [0x0000000784400000, 0x000000078d580000, 0x00000007d6c00000)
  object space 148992K, 79% used [0x0000000784400000,0x000000078b703c60,0x000000078d580000)
 PSPermGen       total 21504K, used 10752K [0x0000000779e00000, 0x000000077b300000, 0x0000000784400000)
  object space 21504K, 50% used [0x0000000779e00000,0x000000077a8803e8,0x000000077b300000)
}
Event: 3,368 GC heap before
{Heap before GC invocations=7 (full 2):
 PSYoungGen      total 134144K, used 5118K [0x00000007d6c00000, 0x00000007ec900000, 0x0000000800000000)
  eden space 129024K, 0% used [0x00000007d6c00000,0x00000007d6c00000,0x00000007dea00000)
  from space 5120K, 99% used [0x00000007dea00000,0x00000007deeffa80,0x00000007def00000)
  to   space 72704K, 0% used [0x00000007e8200000,0x00000007e8200000,0x00000007ec900000)
 ParOldGen       total 148992K, used 117775K [0x0000000784400000, 0x000000078d580000, 0x00000007d6c00000)
  object space 148992K, 79% used [0x0000000784400000,0x000000078b703c60,0x000000078d580000)
 PSPermGen       total 21504K, used 10752K [0x0000000779e00000, 0x000000077b300000, 0x0000000784400000)
  object space 21504K, 50% used [0x0000000779e00000,0x000000077a8803e8,0x000000077b300000)
Event: 3,397 GC heap after
Heap after GC invocations=7 (full 2):
 PSYoungGen      total 134144K, used 0K [0x00000007d6c00000, 0x00000007ec900000, 0x0000000800000000)
  eden space 129024K, 0% used [0x00000007d6c00000,0x00000007d6c00000,0x00000007dea00000)
  from space 5120K, 0% used [0x00000007dea00000,0x00000007dea00000,0x00000007def00000)
  to   space 72704K, 0% used [0x00000007e8200000,0x00000007e8200000,0x00000007ec900000)
 ParOldGen       total 240640K, used 115076K [0x0000000784400000, 0x0000000792f00000, 0x00000007d6c00000)
  object space 240640K, 47% used [0x0000000784400000,0x000000078b461388,0x0000000792f00000)
 PSPermGen       total 24576K, used 10752K [0x0000000779e00000, 0x000000077b600000, 0x0000000784400000)
  object space 24576K, 43% used [0x0000000779e00000,0x000000077a8803c8,0x000000077b600000)
}

