# JRE version: OpenJDK Runtime Environment (7.0_75-b13) (build 1.7.0_75-b13)
# Java VM: OpenJDK 64-Bit Server VM (24.75-b04 mixed mode linux-amd64 compressed oops)
Heap
 PSYoungGen      total 69632K, used 61952K [0x00000007d6c00000, 0x00000007df400000, 0x0000000800000000)
  eden space 64512K, 88% used [0x00000007d6c00000,0x00000007da385480,0x00000007dab00000)
  from space 5120K, 99% used [0x00000007dab00000,0x00000007daffabd8,0x00000007db000000)
  to   space 5120K, 0% used [0x00000007def00000,0x00000007def00000,0x00000007df400000)
 ParOldGen       total 84480K, used 35155K [0x0000000784400000, 0x0000000789680000, 0x00000007d6c00000)
  object space 84480K, 41% used [0x0000000784400000,0x0000000786654d10,0x0000000789680000)
 PSPermGen       total 21504K, used 11682K [0x0000000779e00000, 0x000000077b300000, 0x0000000784400000)
  object space 21504K, 54% used [0x0000000779e00000,0x000000077a968870,0x000000077b300000)
GC Heap History (6 events):
Event: 0,649 GC heap before
{Heap before GC invocations=1 (full 0):
 PSYoungGen      total 37376K, used 32256K [0x00000007d6c00000, 0x00000007d9580000, 0x0000000800000000)
  eden space 32256K, 100% used [0x00000007d6c00000,0x00000007d8b80000,0x00000007d8b80000)
  from space 5120K, 0% used [0x00000007d9080000,0x00000007d9080000,0x00000007d9580000)
  to   space 5120K, 0% used [0x00000007d8b80000,0x00000007d8b80000,0x00000007d9080000)
 ParOldGen       total 84480K, used 0K [0x0000000784400000, 0x0000000789680000, 0x00000007d6c00000)
  object space 84480K, 0% used [0x0000000784400000,0x0000000784400000,0x0000000789680000)
 PSPermGen       total 21504K, used 5939K [0x0000000779e00000, 0x000000077b300000, 0x0000000784400000)
  object space 21504K, 27% used [0x0000000779e00000,0x000000077a3cce48,0x000000077b300000)
Event: 0,657 GC heap after
Heap after GC invocations=1 (full 0):
 PSYoungGen      total 37376K, used 2918K [0x00000007d6c00000, 0x00000007db500000, 0x0000000800000000)
  eden space 32256K, 0% used [0x00000007d6c00000,0x00000007d6c00000,0x00000007d8b80000)
  from space 5120K, 57% used [0x00000007d8b80000,0x00000007d8e59a60,0x00000007d9080000)
  to   space 5120K, 0% used [0x00000007db000000,0x00000007db000000,0x00000007db500000)
 ParOldGen       total 84480K, used 0K [0x0000000784400000, 0x0000000789680000, 0x00000007d6c00000)
  object space 84480K, 0% used [0x0000000784400000,0x0000000784400000,0x0000000789680000)
 PSPermGen       total 21504K, used 5939K [0x0000000779e00000, 0x000000077b300000, 0x0000000784400000)
  object space 21504K, 27% used [0x0000000779e00000,0x000000077a3cce48,0x000000077b300000)
}
Event: 1,133 GC heap before
{Heap before GC invocations=2 (full 0):
 PSYoungGen      total 37376K, used 27842K [0x00000007d6c00000, 0x00000007db500000, 0x0000000800000000)
  eden space 32256K, 77% used [0x00000007d6c00000,0x00000007d8456f90,0x00000007d8b80000)
  from space 5120K, 57% used [0x00000007d8b80000,0x00000007d8e59a60,0x00000007d9080000)
  to   space 5120K, 0% used [0x00000007db000000,0x00000007db000000,0x00000007db500000)
 ParOldGen       total 84480K, used 0K [0x0000000784400000, 0x0000000789680000, 0x00000007d6c00000)
  object space 84480K, 0% used [0x0000000784400000,0x0000000784400000,0x0000000789680000)
 PSPermGen       total 21504K, used 8961K [0x0000000779e00000, 0x000000077b300000, 0x0000000784400000)
  object space 21504K, 41% used [0x0000000779e00000,0x000000077a6c0528,0x000000077b300000)
Event: 1,152 GC heap after
Heap after GC invocations=2 (full 0):
 PSYoungGen      total 69632K, used 4723K [0x00000007d6c00000, 0x00000007db500000, 0x0000000800000000)
  eden space 64512K, 0% used [0x00000007d6c00000,0x00000007d6c00000,0x00000007dab00000)
  from space 5120K, 92% used [0x00000007db000000,0x00000007db49ccf0,0x00000007db500000)
  to   space 5120K, 0% used [0x00000007dab00000,0x00000007dab00000,0x00000007db000000)
 ParOldGen       total 84480K, used 7559K [0x0000000784400000, 0x0000000789680000, 0x00000007d6c00000)
  object space 84480K, 8% used [0x0000000784400000,0x0000000784b61c30,0x0000000789680000)
 PSPermGen       total 21504K, used 8961K [0x0000000779e00000, 0x000000077b300000, 0x0000000784400000)
  object space 21504K, 41% used [0x0000000779e00000,0x000000077a6c0528,0x000000077b300000)
}
Event: 1,740 GC heap before
{Heap before GC invocations=3 (full 0):
 PSYoungGen      total 69632K, used 65694K [0x00000007d6c00000, 0x00000007db500000, 0x0000000800000000)
  eden space 64512K, 94% used [0x00000007d6c00000,0x00000007da78ab60,0x00000007dab00000)
  from space 5120K, 92% used [0x00000007db000000,0x00000007db49ccf0,0x00000007db500000)
  to   space 5120K, 0% used [0x00000007dab00000,0x00000007dab00000,0x00000007db000000)
 ParOldGen       total 84480K, used 7559K [0x0000000784400000, 0x0000000789680000, 0x00000007d6c00000)
  object space 84480K, 8% used [0x0000000784400000,0x0000000784b61c30,0x0000000789680000)
 PSPermGen       total 21504K, used 10794K [0x0000000779e00000, 0x000000077b300000, 0x0000000784400000)
  object space 21504K, 50% used [0x0000000779e00000,0x000000077a88a810,0x000000077b300000)
Event: 1,794 GC heap after
Heap after GC invocations=3 (full 0):
 PSYoungGen      total 69632K, used 5098K [0x00000007d6c00000, 0x00000007df400000, 0x0000000800000000)
  eden space 64512K, 0% used [0x00000007d6c00000,0x00000007d6c00000,0x00000007dab00000)
  from space 5120K, 99% used [0x00000007dab00000,0x00000007daffabd8,0x00000007db000000)
  to   space 5120K, 0% used [0x00000007def00000,0x00000007def00000,0x00000007df400000)
 ParOldGen       total 84480K, used 35155K [0x0000000784400000, 0x0000000789680000, 0x00000007d6c00000)
  object space 84480K, 41% used [0x0000000784400000,0x0000000786654d10,0x0000000789680000)
 PSPermGen       total 21504K, used 10794K [0x0000000779e00000, 0x000000077b300000, 0x0000000784400000)
  object space 21504K, 50% used [0x0000000779e00000,0x000000077a88a810,0x000000077b300000)
}

